-------------------------------------------------------------------------------
Test set: edu.yu.cs.com1320.project.stage5.impl.DocumentPersistenceManagerTest
-------------------------------------------------------------------------------
Tests run: 3, Failures: 0, Errors: 3, Skipped: 0, Time elapsed: 0.021 s <<< FAILURE! - in edu.yu.cs.com1320.project.stage5.impl.DocumentPersistenceManagerTest
edu.yu.cs.com1320.project.stage5.impl.DocumentPersistenceManagerTest.stage5TestSerializationPath  Time elapsed: 0.008 s  <<< ERROR!
java.lang.Error: 
Unresolved compilation problems: 
	Gson cannot be resolved to a type
	GsonBuilder cannot be resolved to a type
	FileNotFoundException cannot be resolved to a type

	at edu.yu.cs.com1320.project.stage5.impl.DocumentPersistenceManagerTest.stage5TestSerializationPath(DocumentPersistenceManagerTest.java:57)

edu.yu.cs.com1320.project.stage5.impl.DocumentPersistenceManagerTest.stage5TestSerializationContent  Time elapsed: 0.004 s  <<< ERROR!
java.lang.Error: 
Unresolved compilation problems: 
	Gson cannot be resolved to a type
	GsonBuilder cannot be resolved to a type
	FileNotFoundException cannot be resolved to a type

	at edu.yu.cs.com1320.project.stage5.impl.DocumentPersistenceManagerTest.stage5TestSerializationContent(DocumentPersistenceManagerTest.java:68)

edu.yu.cs.com1320.project.stage5.impl.DocumentPersistenceManagerTest.stage5TestDeserialization  Time elapsed: 0.007 s  <<< ERROR!
java.lang.Error: 
Unresolved compilation problems: 
	Gson cannot be resolved to a type
	GsonBuilder cannot be resolved to a type
	FileNotFoundException cannot be resolved to a type

	at edu.yu.cs.com1320.project.stage5.impl.DocumentPersistenceManagerTest.stage5TestDeserialization(DocumentPersistenceManagerTest.java:85)

