-------------------------------------------------------------------------------
Test set: edu.yu.cs.com1320.project.stage5.impl.UndoTest
-------------------------------------------------------------------------------
Tests run: 11, Failures: 0, Errors: 11, Skipped: 0, Time elapsed: 0.029 s <<< FAILURE! - in edu.yu.cs.com1320.project.stage5.impl.UndoTest
edu.yu.cs.com1320.project.stage5.impl.UndoTest.stage3PlainUndoThatImpactsMultiple  Time elapsed: 0.001 s  <<< ERROR!
java.lang.Error: 
Unresolved compilation problems: 
	HashTableImpl cannot be resolved to a type
	HashTableImpl cannot be resolved to a type
	HashTableImpl cannot be resolved to a type
	HashTableImpl cannot be resolved to a type
	HashTableImpl cannot be resolved to a type
	HashTableImpl cannot be resolved to a type
	HashTableImpl cannot be resolved to a type
	HashTableImpl cannot be resolved to a type
	HashTableImpl cannot be resolved to a type
	HashTableImpl cannot be resolved to a type
	HashTableImpl cannot be resolved to a type
	HashTableImpl cannot be resolved to a type
	HashTableImpl cannot be resolved to a type
	HashTableImpl cannot be resolved to a type
	HashTableImpl cannot be resolved to a type
	HashTableImpl cannot be resolved to a type
	HashTableImpl cannot be resolved to a type
	HashTableImpl cannot be resolved to a type
	HashTableImpl cannot be resolved to a type
	HashTableImpl cannot be resolved to a type
	HashTableImpl cannot be resolved to a type
	HashTableImpl cannot be resolved to a type
	HashTableImpl cannot be resolved to a type
	HashTableImpl cannot be resolved to a type
	HashTableImpl cannot be resolved to a type
	HashTableImpl cannot be resolved to a type
	HashTableImpl cannot be resolved to a type

	at edu.yu.cs.com1320.project.stage5.impl.UndoTest.createStoreAndPutAll(UndoTest.java:41)
	at edu.yu.cs.com1320.project.stage5.impl.UndoTest.stage3PlainUndoThatImpactsMultiple(UndoTest.java:81)

edu.yu.cs.com1320.project.stage5.impl.UndoTest.stage3UndoByURIThatImpactsEarlierThanLast  Time elapsed: 0 s  <<< ERROR!
java.lang.Error: 
Unresolved compilation problems: 
	HashTableImpl cannot be resolved to a type
	HashTableImpl cannot be resolved to a type
	HashTableImpl cannot be resolved to a type
	HashTableImpl cannot be resolved to a type
	HashTableImpl cannot be resolved to a type
	HashTableImpl cannot be resolved to a type
	HashTableImpl cannot be resolved to a type
	HashTableImpl cannot be resolved to a type
	HashTableImpl cannot be resolved to a type
	HashTableImpl cannot be resolved to a type
	HashTableImpl cannot be resolved to a type
	HashTableImpl cannot be resolved to a type
	HashTableImpl cannot be resolved to a type
	HashTableImpl cannot be resolved to a type
	HashTableImpl cannot be resolved to a type
	HashTableImpl cannot be resolved to a type
	HashTableImpl cannot be resolved to a type
	HashTableImpl cannot be resolved to a type
	HashTableImpl cannot be resolved to a type
	HashTableImpl cannot be resolved to a type
	HashTableImpl cannot be resolved to a type
	HashTableImpl cannot be resolved to a type
	HashTableImpl cannot be resolved to a type
	HashTableImpl cannot be resolved to a type
	HashTableImpl cannot be resolved to a type
	HashTableImpl cannot be resolved to a type
	HashTableImpl cannot be resolved to a type

	at edu.yu.cs.com1320.project.stage5.impl.UndoTest.createStoreAndPutAll(UndoTest.java:41)
	at edu.yu.cs.com1320.project.stage5.impl.UndoTest.stage3UndoByURIThatImpactsEarlierThanLast(UndoTest.java:147)

edu.yu.cs.com1320.project.stage5.impl.UndoTest.undoNthDeleteByURI  Time elapsed: 0 s  <<< ERROR!
java.lang.Error: 
Unresolved compilation problems: 
	HashTableImpl cannot be resolved to a type
	HashTableImpl cannot be resolved to a type
	HashTableImpl cannot be resolved to a type
	HashTableImpl cannot be resolved to a type
	HashTableImpl cannot be resolved to a type
	HashTableImpl cannot be resolved to a type
	HashTableImpl cannot be resolved to a type
	HashTableImpl cannot be resolved to a type
	HashTableImpl cannot be resolved to a type
	HashTableImpl cannot be resolved to a type
	HashTableImpl cannot be resolved to a type
	HashTableImpl cannot be resolved to a type
	HashTableImpl cannot be resolved to a type
	HashTableImpl cannot be resolved to a type
	HashTableImpl cannot be resolved to a type
	HashTableImpl cannot be resolved to a type
	HashTableImpl cannot be resolved to a type
	HashTableImpl cannot be resolved to a type
	HashTableImpl cannot be resolved to a type
	HashTableImpl cannot be resolved to a type
	HashTableImpl cannot be resolved to a type
	HashTableImpl cannot be resolved to a type
	HashTableImpl cannot be resolved to a type
	HashTableImpl cannot be resolved to a type
	HashTableImpl cannot be resolved to a type
	HashTableImpl cannot be resolved to a type
	HashTableImpl cannot be resolved to a type

	at edu.yu.cs.com1320.project.stage5.impl.UndoTest.createStoreAndPutAll(UndoTest.java:41)
	at edu.yu.cs.com1320.project.stage5.impl.UndoTest.undoNthDeleteByURI(UndoTest.java:266)

edu.yu.cs.com1320.project.stage5.impl.UndoTest.undoAfterOnePut  Time elapsed: 0.001 s  <<< ERROR!
java.lang.Error: 
Unresolved compilation problems: 
	HashTableImpl cannot be resolved to a type
	HashTableImpl cannot be resolved to a type
	HashTableImpl cannot be resolved to a type
	HashTableImpl cannot be resolved to a type
	HashTableImpl cannot be resolved to a type
	HashTableImpl cannot be resolved to a type
	HashTableImpl cannot be resolved to a type
	HashTableImpl cannot be resolved to a type
	HashTableImpl cannot be resolved to a type
	HashTableImpl cannot be resolved to a type
	HashTableImpl cannot be resolved to a type
	HashTableImpl cannot be resolved to a type
	HashTableImpl cannot be resolved to a type
	HashTableImpl cannot be resolved to a type
	HashTableImpl cannot be resolved to a type
	HashTableImpl cannot be resolved to a type
	HashTableImpl cannot be resolved to a type
	HashTableImpl cannot be resolved to a type
	HashTableImpl cannot be resolved to a type
	HashTableImpl cannot be resolved to a type
	HashTableImpl cannot be resolved to a type
	HashTableImpl cannot be resolved to a type
	HashTableImpl cannot be resolved to a type
	HashTableImpl cannot be resolved to a type
	HashTableImpl cannot be resolved to a type
	HashTableImpl cannot be resolved to a type
	HashTableImpl cannot be resolved to a type

	at edu.yu.cs.com1320.project.stage5.impl.UndoTest.createStoreAndPutOne(UndoTest.java:34)
	at edu.yu.cs.com1320.project.stage5.impl.UndoTest.undoAfterOnePut(UndoTest.java:180)

edu.yu.cs.com1320.project.stage5.impl.UndoTest.stage3UndoByURIThatImpactsOne  Time elapsed: 0.007 s  <<< ERROR!
java.lang.Error: 
Unresolved compilation problems: 
	HashTableImpl cannot be resolved to a type
	HashTableImpl cannot be resolved to a type
	HashTableImpl cannot be resolved to a type
	HashTableImpl cannot be resolved to a type
	HashTableImpl cannot be resolved to a type
	HashTableImpl cannot be resolved to a type
	HashTableImpl cannot be resolved to a type
	HashTableImpl cannot be resolved to a type
	HashTableImpl cannot be resolved to a type
	HashTableImpl cannot be resolved to a type
	HashTableImpl cannot be resolved to a type
	HashTableImpl cannot be resolved to a type
	HashTableImpl cannot be resolved to a type
	HashTableImpl cannot be resolved to a type
	HashTableImpl cannot be resolved to a type
	HashTableImpl cannot be resolved to a type
	HashTableImpl cannot be resolved to a type
	HashTableImpl cannot be resolved to a type
	HashTableImpl cannot be resolved to a type
	HashTableImpl cannot be resolved to a type
	HashTableImpl cannot be resolved to a type
	HashTableImpl cannot be resolved to a type
	HashTableImpl cannot be resolved to a type
	HashTableImpl cannot be resolved to a type
	HashTableImpl cannot be resolved to a type
	HashTableImpl cannot be resolved to a type
	HashTableImpl cannot be resolved to a type

	at edu.yu.cs.com1320.project.stage5.impl.UndoTest.createStoreAndPutAll(UndoTest.java:41)
	at edu.yu.cs.com1320.project.stage5.impl.UndoTest.stage3UndoByURIThatImpactsOne(UndoTest.java:113)

edu.yu.cs.com1320.project.stage5.impl.UndoTest.undoNthPutByURI  Time elapsed: 0 s  <<< ERROR!
java.lang.Error: 
Unresolved compilation problems: 
	HashTableImpl cannot be resolved to a type
	HashTableImpl cannot be resolved to a type
	HashTableImpl cannot be resolved to a type
	HashTableImpl cannot be resolved to a type
	HashTableImpl cannot be resolved to a type
	HashTableImpl cannot be resolved to a type
	HashTableImpl cannot be resolved to a type
	HashTableImpl cannot be resolved to a type
	HashTableImpl cannot be resolved to a type
	HashTableImpl cannot be resolved to a type
	HashTableImpl cannot be resolved to a type
	HashTableImpl cannot be resolved to a type
	HashTableImpl cannot be resolved to a type
	HashTableImpl cannot be resolved to a type
	HashTableImpl cannot be resolved to a type
	HashTableImpl cannot be resolved to a type
	HashTableImpl cannot be resolved to a type
	HashTableImpl cannot be resolved to a type
	HashTableImpl cannot be resolved to a type
	HashTableImpl cannot be resolved to a type
	HashTableImpl cannot be resolved to a type
	HashTableImpl cannot be resolved to a type
	HashTableImpl cannot be resolved to a type
	HashTableImpl cannot be resolved to a type
	HashTableImpl cannot be resolved to a type
	HashTableImpl cannot be resolved to a type
	HashTableImpl cannot be resolved to a type

	at edu.yu.cs.com1320.project.stage5.impl.UndoTest.createStoreAndPutAll(UndoTest.java:41)
	at edu.yu.cs.com1320.project.stage5.impl.UndoTest.undoNthPutByURI(UndoTest.java:246)

edu.yu.cs.com1320.project.stage5.impl.UndoTest.undoDelete  Time elapsed: 0.001 s  <<< ERROR!
java.lang.Error: 
Unresolved compilation problems: 
	HashTableImpl cannot be resolved to a type
	HashTableImpl cannot be resolved to a type
	HashTableImpl cannot be resolved to a type
	HashTableImpl cannot be resolved to a type
	HashTableImpl cannot be resolved to a type
	HashTableImpl cannot be resolved to a type
	HashTableImpl cannot be resolved to a type
	HashTableImpl cannot be resolved to a type
	HashTableImpl cannot be resolved to a type
	HashTableImpl cannot be resolved to a type
	HashTableImpl cannot be resolved to a type
	HashTableImpl cannot be resolved to a type
	HashTableImpl cannot be resolved to a type
	HashTableImpl cannot be resolved to a type
	HashTableImpl cannot be resolved to a type
	HashTableImpl cannot be resolved to a type
	HashTableImpl cannot be resolved to a type
	HashTableImpl cannot be resolved to a type
	HashTableImpl cannot be resolved to a type
	HashTableImpl cannot be resolved to a type
	HashTableImpl cannot be resolved to a type
	HashTableImpl cannot be resolved to a type
	HashTableImpl cannot be resolved to a type
	HashTableImpl cannot be resolved to a type
	HashTableImpl cannot be resolved to a type
	HashTableImpl cannot be resolved to a type
	HashTableImpl cannot be resolved to a type

	at edu.yu.cs.com1320.project.stage5.impl.UndoTest.createStoreAndPutAll(UndoTest.java:41)
	at edu.yu.cs.com1320.project.stage5.impl.UndoTest.undoDelete(UndoTest.java:256)

edu.yu.cs.com1320.project.stage5.impl.UndoTest.undoAfterMultiplePuts  Time elapsed: 0.01 s  <<< ERROR!
java.lang.Error: 
Unresolved compilation problems: 
	HashTableImpl cannot be resolved to a type
	HashTableImpl cannot be resolved to a type
	HashTableImpl cannot be resolved to a type
	HashTableImpl cannot be resolved to a type
	HashTableImpl cannot be resolved to a type
	HashTableImpl cannot be resolved to a type
	HashTableImpl cannot be resolved to a type
	HashTableImpl cannot be resolved to a type
	HashTableImpl cannot be resolved to a type
	HashTableImpl cannot be resolved to a type
	HashTableImpl cannot be resolved to a type
	HashTableImpl cannot be resolved to a type
	HashTableImpl cannot be resolved to a type
	HashTableImpl cannot be resolved to a type
	HashTableImpl cannot be resolved to a type
	HashTableImpl cannot be resolved to a type
	HashTableImpl cannot be resolved to a type
	HashTableImpl cannot be resolved to a type
	HashTableImpl cannot be resolved to a type
	HashTableImpl cannot be resolved to a type
	HashTableImpl cannot be resolved to a type
	HashTableImpl cannot be resolved to a type
	HashTableImpl cannot be resolved to a type
	HashTableImpl cannot be resolved to a type
	HashTableImpl cannot be resolved to a type
	HashTableImpl cannot be resolved to a type
	HashTableImpl cannot be resolved to a type

	at edu.yu.cs.com1320.project.stage5.impl.UndoTest.createStoreAndPutAll(UndoTest.java:41)
	at edu.yu.cs.com1320.project.stage5.impl.UndoTest.undoAfterMultiplePuts(UndoTest.java:214)

edu.yu.cs.com1320.project.stage5.impl.UndoTest.undoOverwriteByURI  Time elapsed: 0.001 s  <<< ERROR!
java.lang.Error: 
Unresolved compilation problems: 
	HashTableImpl cannot be resolved to a type
	HashTableImpl cannot be resolved to a type
	HashTableImpl cannot be resolved to a type
	HashTableImpl cannot be resolved to a type
	HashTableImpl cannot be resolved to a type
	HashTableImpl cannot be resolved to a type
	HashTableImpl cannot be resolved to a type
	HashTableImpl cannot be resolved to a type
	HashTableImpl cannot be resolved to a type
	HashTableImpl cannot be resolved to a type
	HashTableImpl cannot be resolved to a type
	HashTableImpl cannot be resolved to a type
	HashTableImpl cannot be resolved to a type
	HashTableImpl cannot be resolved to a type
	HashTableImpl cannot be resolved to a type
	HashTableImpl cannot be resolved to a type
	HashTableImpl cannot be resolved to a type
	HashTableImpl cannot be resolved to a type
	HashTableImpl cannot be resolved to a type
	HashTableImpl cannot be resolved to a type
	HashTableImpl cannot be resolved to a type
	HashTableImpl cannot be resolved to a type
	HashTableImpl cannot be resolved to a type
	HashTableImpl cannot be resolved to a type
	HashTableImpl cannot be resolved to a type
	HashTableImpl cannot be resolved to a type
	HashTableImpl cannot be resolved to a type

	at edu.yu.cs.com1320.project.stage5.impl.UndoTest.createStoreAndPutAll(UndoTest.java:41)
	at edu.yu.cs.com1320.project.stage5.impl.UndoTest.undoOverwriteByURI(UndoTest.java:277)

edu.yu.cs.com1320.project.stage5.impl.UndoTest.undoByURIWhenEmptyShouldThrow  Time elapsed: 0.002 s  <<< ERROR!
java.lang.Error: 
Unresolved compilation problems: 
	HashTableImpl cannot be resolved to a type
	HashTableImpl cannot be resolved to a type
	HashTableImpl cannot be resolved to a type
	HashTableImpl cannot be resolved to a type
	HashTableImpl cannot be resolved to a type
	HashTableImpl cannot be resolved to a type
	HashTableImpl cannot be resolved to a type
	HashTableImpl cannot be resolved to a type
	HashTableImpl cannot be resolved to a type
	HashTableImpl cannot be resolved to a type
	HashTableImpl cannot be resolved to a type
	HashTableImpl cannot be resolved to a type
	HashTableImpl cannot be resolved to a type
	HashTableImpl cannot be resolved to a type
	HashTableImpl cannot be resolved to a type
	HashTableImpl cannot be resolved to a type
	HashTableImpl cannot be resolved to a type
	HashTableImpl cannot be resolved to a type
	HashTableImpl cannot be resolved to a type
	HashTableImpl cannot be resolved to a type
	HashTableImpl cannot be resolved to a type
	HashTableImpl cannot be resolved to a type
	HashTableImpl cannot be resolved to a type
	HashTableImpl cannot be resolved to a type
	HashTableImpl cannot be resolved to a type
	HashTableImpl cannot be resolved to a type
	HashTableImpl cannot be resolved to a type

	at edu.yu.cs.com1320.project.stage5.impl.UndoTest.createStoreAndPutOne(UndoTest.java:34)
	at edu.yu.cs.com1320.project.stage5.impl.UndoTest.undoByURIWhenEmptyShouldThrow(UndoTest.java:206)

edu.yu.cs.com1320.project.stage5.impl.UndoTest.undoWhenEmptyShouldThrow  Time elapsed: 0 s  <<< ERROR!
java.lang.Error: 
Unresolved compilation problems: 
	HashTableImpl cannot be resolved to a type
	HashTableImpl cannot be resolved to a type
	HashTableImpl cannot be resolved to a type
	HashTableImpl cannot be resolved to a type
	HashTableImpl cannot be resolved to a type
	HashTableImpl cannot be resolved to a type
	HashTableImpl cannot be resolved to a type
	HashTableImpl cannot be resolved to a type
	HashTableImpl cannot be resolved to a type
	HashTableImpl cannot be resolved to a type
	HashTableImpl cannot be resolved to a type
	HashTableImpl cannot be resolved to a type
	HashTableImpl cannot be resolved to a type
	HashTableImpl cannot be resolved to a type
	HashTableImpl cannot be resolved to a type
	HashTableImpl cannot be resolved to a type
	HashTableImpl cannot be resolved to a type
	HashTableImpl cannot be resolved to a type
	HashTableImpl cannot be resolved to a type
	HashTableImpl cannot be resolved to a type
	HashTableImpl cannot be resolved to a type
	HashTableImpl cannot be resolved to a type
	HashTableImpl cannot be resolved to a type
	HashTableImpl cannot be resolved to a type
	HashTableImpl cannot be resolved to a type
	HashTableImpl cannot be resolved to a type
	HashTableImpl cannot be resolved to a type

	at edu.yu.cs.com1320.project.stage5.impl.UndoTest.createStoreAndPutOne(UndoTest.java:34)
	at edu.yu.cs.com1320.project.stage5.impl.UndoTest.undoWhenEmptyShouldThrow(UndoTest.java:197)

