-------------------------------------------------------------------------------
Test set: edu.yu.cs.com1320.project.stage5.impl.DocumentStoreAPITest
-------------------------------------------------------------------------------
Tests run: 16, Failures: 0, Errors: 12, Skipped: 0, Time elapsed: 0.029 s <<< FAILURE! - in edu.yu.cs.com1320.project.stage5.impl.DocumentStoreAPITest
edu.yu.cs.com1320.project.stage5.impl.DocumentStoreAPITest.stage2UndoExists  Time elapsed: 0.001 s  <<< ERROR!
java.lang.Error: 
Unresolved compilation problems: 
	HashTableImpl cannot be resolved to a type
	HashTableImpl cannot be resolved to a type
	HashTableImpl cannot be resolved to a type
	HashTableImpl cannot be resolved to a type
	HashTableImpl cannot be resolved to a type
	HashTableImpl cannot be resolved to a type
	HashTableImpl cannot be resolved to a type
	HashTableImpl cannot be resolved to a type
	HashTableImpl cannot be resolved to a type
	HashTableImpl cannot be resolved to a type
	HashTableImpl cannot be resolved to a type
	HashTableImpl cannot be resolved to a type
	HashTableImpl cannot be resolved to a type
	HashTableImpl cannot be resolved to a type
	HashTableImpl cannot be resolved to a type
	HashTableImpl cannot be resolved to a type
	HashTableImpl cannot be resolved to a type
	HashTableImpl cannot be resolved to a type
	HashTableImpl cannot be resolved to a type
	HashTableImpl cannot be resolved to a type
	HashTableImpl cannot be resolved to a type
	HashTableImpl cannot be resolved to a type
	HashTableImpl cannot be resolved to a type
	HashTableImpl cannot be resolved to a type
	HashTableImpl cannot be resolved to a type
	HashTableImpl cannot be resolved to a type
	HashTableImpl cannot be resolved to a type

	at edu.yu.cs.com1320.project.stage5.impl.DocumentStoreAPITest.stage2UndoExists(DocumentStoreAPITest.java:69)

edu.yu.cs.com1320.project.stage5.impl.DocumentStoreAPITest.stage4SetMaxDocumentBytesExists  Time elapsed: 0.002 s  <<< ERROR!
java.lang.Error: 
Unresolved compilation problems: 
	HashTableImpl cannot be resolved to a type
	HashTableImpl cannot be resolved to a type
	HashTableImpl cannot be resolved to a type
	HashTableImpl cannot be resolved to a type
	HashTableImpl cannot be resolved to a type
	HashTableImpl cannot be resolved to a type
	HashTableImpl cannot be resolved to a type
	HashTableImpl cannot be resolved to a type
	HashTableImpl cannot be resolved to a type
	HashTableImpl cannot be resolved to a type
	HashTableImpl cannot be resolved to a type
	HashTableImpl cannot be resolved to a type
	HashTableImpl cannot be resolved to a type
	HashTableImpl cannot be resolved to a type
	HashTableImpl cannot be resolved to a type
	HashTableImpl cannot be resolved to a type
	HashTableImpl cannot be resolved to a type
	HashTableImpl cannot be resolved to a type
	HashTableImpl cannot be resolved to a type
	HashTableImpl cannot be resolved to a type
	HashTableImpl cannot be resolved to a type
	HashTableImpl cannot be resolved to a type
	HashTableImpl cannot be resolved to a type
	HashTableImpl cannot be resolved to a type
	HashTableImpl cannot be resolved to a type
	HashTableImpl cannot be resolved to a type
	HashTableImpl cannot be resolved to a type

	at edu.yu.cs.com1320.project.stage5.impl.DocumentStoreAPITest.stage4SetMaxDocumentBytesExists(DocumentStoreAPITest.java:44)

edu.yu.cs.com1320.project.stage5.impl.DocumentStoreAPITest.stage2UndoByURIExists  Time elapsed: 0.001 s  <<< ERROR!
java.lang.Error: 
Unresolved compilation problems: 
	HashTableImpl cannot be resolved to a type
	HashTableImpl cannot be resolved to a type
	HashTableImpl cannot be resolved to a type
	HashTableImpl cannot be resolved to a type
	HashTableImpl cannot be resolved to a type
	HashTableImpl cannot be resolved to a type
	HashTableImpl cannot be resolved to a type
	HashTableImpl cannot be resolved to a type
	HashTableImpl cannot be resolved to a type
	HashTableImpl cannot be resolved to a type
	HashTableImpl cannot be resolved to a type
	HashTableImpl cannot be resolved to a type
	HashTableImpl cannot be resolved to a type
	HashTableImpl cannot be resolved to a type
	HashTableImpl cannot be resolved to a type
	HashTableImpl cannot be resolved to a type
	HashTableImpl cannot be resolved to a type
	HashTableImpl cannot be resolved to a type
	HashTableImpl cannot be resolved to a type
	HashTableImpl cannot be resolved to a type
	HashTableImpl cannot be resolved to a type
	HashTableImpl cannot be resolved to a type
	HashTableImpl cannot be resolved to a type
	HashTableImpl cannot be resolved to a type
	HashTableImpl cannot be resolved to a type
	HashTableImpl cannot be resolved to a type
	HashTableImpl cannot be resolved to a type

	at edu.yu.cs.com1320.project.stage5.impl.DocumentStoreAPITest.stage2UndoByURIExists(DocumentStoreAPITest.java:76)

edu.yu.cs.com1320.project.stage5.impl.DocumentStoreAPITest.stage3SearchByPrefixExists  Time elapsed: 0.001 s  <<< ERROR!
java.lang.Error: 
Unresolved compilation problems: 
	HashTableImpl cannot be resolved to a type
	HashTableImpl cannot be resolved to a type
	HashTableImpl cannot be resolved to a type
	HashTableImpl cannot be resolved to a type
	HashTableImpl cannot be resolved to a type
	HashTableImpl cannot be resolved to a type
	HashTableImpl cannot be resolved to a type
	HashTableImpl cannot be resolved to a type
	HashTableImpl cannot be resolved to a type
	HashTableImpl cannot be resolved to a type
	HashTableImpl cannot be resolved to a type
	HashTableImpl cannot be resolved to a type
	HashTableImpl cannot be resolved to a type
	HashTableImpl cannot be resolved to a type
	HashTableImpl cannot be resolved to a type
	HashTableImpl cannot be resolved to a type
	HashTableImpl cannot be resolved to a type
	HashTableImpl cannot be resolved to a type
	HashTableImpl cannot be resolved to a type
	HashTableImpl cannot be resolved to a type
	HashTableImpl cannot be resolved to a type
	HashTableImpl cannot be resolved to a type
	HashTableImpl cannot be resolved to a type
	HashTableImpl cannot be resolved to a type
	HashTableImpl cannot be resolved to a type
	HashTableImpl cannot be resolved to a type
	HashTableImpl cannot be resolved to a type

	at edu.yu.cs.com1320.project.stage5.impl.DocumentStoreAPITest.stage3SearchByPrefixExists(DocumentStoreAPITest.java:58)

edu.yu.cs.com1320.project.stage5.impl.DocumentStoreAPITest.deleteDocumentExists  Time elapsed: 0.001 s  <<< ERROR!
java.lang.Error: 
Unresolved compilation problems: 
	HashTableImpl cannot be resolved to a type
	HashTableImpl cannot be resolved to a type
	HashTableImpl cannot be resolved to a type
	HashTableImpl cannot be resolved to a type
	HashTableImpl cannot be resolved to a type
	HashTableImpl cannot be resolved to a type
	HashTableImpl cannot be resolved to a type
	HashTableImpl cannot be resolved to a type
	HashTableImpl cannot be resolved to a type
	HashTableImpl cannot be resolved to a type
	HashTableImpl cannot be resolved to a type
	HashTableImpl cannot be resolved to a type
	HashTableImpl cannot be resolved to a type
	HashTableImpl cannot be resolved to a type
	HashTableImpl cannot be resolved to a type
	HashTableImpl cannot be resolved to a type
	HashTableImpl cannot be resolved to a type
	HashTableImpl cannot be resolved to a type
	HashTableImpl cannot be resolved to a type
	HashTableImpl cannot be resolved to a type
	HashTableImpl cannot be resolved to a type
	HashTableImpl cannot be resolved to a type
	HashTableImpl cannot be resolved to a type
	HashTableImpl cannot be resolved to a type
	HashTableImpl cannot be resolved to a type
	HashTableImpl cannot be resolved to a type
	HashTableImpl cannot be resolved to a type

	at edu.yu.cs.com1320.project.stage5.impl.DocumentStoreAPITest.deleteDocumentExists(DocumentStoreAPITest.java:125)

edu.yu.cs.com1320.project.stage5.impl.DocumentStoreAPITest.stage3SearchExists  Time elapsed: 0 s  <<< ERROR!
java.lang.Error: 
Unresolved compilation problems: 
	HashTableImpl cannot be resolved to a type
	HashTableImpl cannot be resolved to a type
	HashTableImpl cannot be resolved to a type
	HashTableImpl cannot be resolved to a type
	HashTableImpl cannot be resolved to a type
	HashTableImpl cannot be resolved to a type
	HashTableImpl cannot be resolved to a type
	HashTableImpl cannot be resolved to a type
	HashTableImpl cannot be resolved to a type
	HashTableImpl cannot be resolved to a type
	HashTableImpl cannot be resolved to a type
	HashTableImpl cannot be resolved to a type
	HashTableImpl cannot be resolved to a type
	HashTableImpl cannot be resolved to a type
	HashTableImpl cannot be resolved to a type
	HashTableImpl cannot be resolved to a type
	HashTableImpl cannot be resolved to a type
	HashTableImpl cannot be resolved to a type
	HashTableImpl cannot be resolved to a type
	HashTableImpl cannot be resolved to a type
	HashTableImpl cannot be resolved to a type
	HashTableImpl cannot be resolved to a type
	HashTableImpl cannot be resolved to a type
	HashTableImpl cannot be resolved to a type
	HashTableImpl cannot be resolved to a type
	HashTableImpl cannot be resolved to a type
	HashTableImpl cannot be resolved to a type

	at edu.yu.cs.com1320.project.stage5.impl.DocumentStoreAPITest.stage3SearchExists(DocumentStoreAPITest.java:50)

edu.yu.cs.com1320.project.stage5.impl.DocumentStoreAPITest.putDocumentExists  Time elapsed: 0.005 s  <<< ERROR!
java.lang.Error: 
Unresolved compilation problems: 
	HashTableImpl cannot be resolved to a type
	HashTableImpl cannot be resolved to a type
	HashTableImpl cannot be resolved to a type
	HashTableImpl cannot be resolved to a type
	HashTableImpl cannot be resolved to a type
	HashTableImpl cannot be resolved to a type
	HashTableImpl cannot be resolved to a type
	HashTableImpl cannot be resolved to a type
	HashTableImpl cannot be resolved to a type
	HashTableImpl cannot be resolved to a type
	HashTableImpl cannot be resolved to a type
	HashTableImpl cannot be resolved to a type
	HashTableImpl cannot be resolved to a type
	HashTableImpl cannot be resolved to a type
	HashTableImpl cannot be resolved to a type
	HashTableImpl cannot be resolved to a type
	HashTableImpl cannot be resolved to a type
	HashTableImpl cannot be resolved to a type
	HashTableImpl cannot be resolved to a type
	HashTableImpl cannot be resolved to a type
	HashTableImpl cannot be resolved to a type
	HashTableImpl cannot be resolved to a type
	HashTableImpl cannot be resolved to a type
	HashTableImpl cannot be resolved to a type
	HashTableImpl cannot be resolved to a type
	HashTableImpl cannot be resolved to a type
	HashTableImpl cannot be resolved to a type

	at edu.yu.cs.com1320.project.stage5.impl.DocumentStoreAPITest.putDocumentExists(DocumentStoreAPITest.java:111)

edu.yu.cs.com1320.project.stage5.impl.DocumentStoreAPITest.stage3DeleteAllExists  Time elapsed: 0 s  <<< ERROR!
java.lang.Error: 
Unresolved compilation problems: 
	HashTableImpl cannot be resolved to a type
	HashTableImpl cannot be resolved to a type
	HashTableImpl cannot be resolved to a type
	HashTableImpl cannot be resolved to a type
	HashTableImpl cannot be resolved to a type
	HashTableImpl cannot be resolved to a type
	HashTableImpl cannot be resolved to a type
	HashTableImpl cannot be resolved to a type
	HashTableImpl cannot be resolved to a type
	HashTableImpl cannot be resolved to a type
	HashTableImpl cannot be resolved to a type
	HashTableImpl cannot be resolved to a type
	HashTableImpl cannot be resolved to a type
	HashTableImpl cannot be resolved to a type
	HashTableImpl cannot be resolved to a type
	HashTableImpl cannot be resolved to a type
	HashTableImpl cannot be resolved to a type
	HashTableImpl cannot be resolved to a type
	HashTableImpl cannot be resolved to a type
	HashTableImpl cannot be resolved to a type
	HashTableImpl cannot be resolved to a type
	HashTableImpl cannot be resolved to a type
	HashTableImpl cannot be resolved to a type
	HashTableImpl cannot be resolved to a type
	HashTableImpl cannot be resolved to a type
	HashTableImpl cannot be resolved to a type
	HashTableImpl cannot be resolved to a type

	at edu.yu.cs.com1320.project.stage5.impl.DocumentStoreAPITest.stage3DeleteAllExists(DocumentStoreAPITest.java:54)

edu.yu.cs.com1320.project.stage5.impl.DocumentStoreAPITest.stage4SetMaxDocumentCountExists  Time elapsed: 0 s  <<< ERROR!
java.lang.Error: 
Unresolved compilation problems: 
	HashTableImpl cannot be resolved to a type
	HashTableImpl cannot be resolved to a type
	HashTableImpl cannot be resolved to a type
	HashTableImpl cannot be resolved to a type
	HashTableImpl cannot be resolved to a type
	HashTableImpl cannot be resolved to a type
	HashTableImpl cannot be resolved to a type
	HashTableImpl cannot be resolved to a type
	HashTableImpl cannot be resolved to a type
	HashTableImpl cannot be resolved to a type
	HashTableImpl cannot be resolved to a type
	HashTableImpl cannot be resolved to a type
	HashTableImpl cannot be resolved to a type
	HashTableImpl cannot be resolved to a type
	HashTableImpl cannot be resolved to a type
	HashTableImpl cannot be resolved to a type
	HashTableImpl cannot be resolved to a type
	HashTableImpl cannot be resolved to a type
	HashTableImpl cannot be resolved to a type
	HashTableImpl cannot be resolved to a type
	HashTableImpl cannot be resolved to a type
	HashTableImpl cannot be resolved to a type
	HashTableImpl cannot be resolved to a type
	HashTableImpl cannot be resolved to a type
	HashTableImpl cannot be resolved to a type
	HashTableImpl cannot be resolved to a type
	HashTableImpl cannot be resolved to a type

	at edu.yu.cs.com1320.project.stage5.impl.DocumentStoreAPITest.stage4SetMaxDocumentCountExists(DocumentStoreAPITest.java:40)

edu.yu.cs.com1320.project.stage5.impl.DocumentStoreAPITest.getDocumentExists  Time elapsed: 0 s  <<< ERROR!
java.lang.Error: 
Unresolved compilation problems: 
	HashTableImpl cannot be resolved to a type
	HashTableImpl cannot be resolved to a type
	HashTableImpl cannot be resolved to a type
	HashTableImpl cannot be resolved to a type
	HashTableImpl cannot be resolved to a type
	HashTableImpl cannot be resolved to a type
	HashTableImpl cannot be resolved to a type
	HashTableImpl cannot be resolved to a type
	HashTableImpl cannot be resolved to a type
	HashTableImpl cannot be resolved to a type
	HashTableImpl cannot be resolved to a type
	HashTableImpl cannot be resolved to a type
	HashTableImpl cannot be resolved to a type
	HashTableImpl cannot be resolved to a type
	HashTableImpl cannot be resolved to a type
	HashTableImpl cannot be resolved to a type
	HashTableImpl cannot be resolved to a type
	HashTableImpl cannot be resolved to a type
	HashTableImpl cannot be resolved to a type
	HashTableImpl cannot be resolved to a type
	HashTableImpl cannot be resolved to a type
	HashTableImpl cannot be resolved to a type
	HashTableImpl cannot be resolved to a type
	HashTableImpl cannot be resolved to a type
	HashTableImpl cannot be resolved to a type
	HashTableImpl cannot be resolved to a type
	HashTableImpl cannot be resolved to a type

	at edu.yu.cs.com1320.project.stage5.impl.DocumentStoreAPITest.getDocumentExists(DocumentStoreAPITest.java:118)

edu.yu.cs.com1320.project.stage5.impl.DocumentStoreAPITest.stage3DeleteAllWithPrefixExists  Time elapsed: 0 s  <<< ERROR!
java.lang.Error: 
Unresolved compilation problems: 
	HashTableImpl cannot be resolved to a type
	HashTableImpl cannot be resolved to a type
	HashTableImpl cannot be resolved to a type
	HashTableImpl cannot be resolved to a type
	HashTableImpl cannot be resolved to a type
	HashTableImpl cannot be resolved to a type
	HashTableImpl cannot be resolved to a type
	HashTableImpl cannot be resolved to a type
	HashTableImpl cannot be resolved to a type
	HashTableImpl cannot be resolved to a type
	HashTableImpl cannot be resolved to a type
	HashTableImpl cannot be resolved to a type
	HashTableImpl cannot be resolved to a type
	HashTableImpl cannot be resolved to a type
	HashTableImpl cannot be resolved to a type
	HashTableImpl cannot be resolved to a type
	HashTableImpl cannot be resolved to a type
	HashTableImpl cannot be resolved to a type
	HashTableImpl cannot be resolved to a type
	HashTableImpl cannot be resolved to a type
	HashTableImpl cannot be resolved to a type
	HashTableImpl cannot be resolved to a type
	HashTableImpl cannot be resolved to a type
	HashTableImpl cannot be resolved to a type
	HashTableImpl cannot be resolved to a type
	HashTableImpl cannot be resolved to a type
	HashTableImpl cannot be resolved to a type

	at edu.yu.cs.com1320.project.stage5.impl.DocumentStoreAPITest.stage3DeleteAllWithPrefixExists(DocumentStoreAPITest.java:62)

edu.yu.cs.com1320.project.stage5.impl.DocumentStoreAPITest.constructorExists  Time elapsed: 0 s  <<< ERROR!
java.lang.Error: 
Unresolved compilation problems: 
	HashTableImpl cannot be resolved to a type
	HashTableImpl cannot be resolved to a type
	HashTableImpl cannot be resolved to a type
	HashTableImpl cannot be resolved to a type
	HashTableImpl cannot be resolved to a type
	HashTableImpl cannot be resolved to a type
	HashTableImpl cannot be resolved to a type
	HashTableImpl cannot be resolved to a type
	HashTableImpl cannot be resolved to a type
	HashTableImpl cannot be resolved to a type
	HashTableImpl cannot be resolved to a type
	HashTableImpl cannot be resolved to a type
	HashTableImpl cannot be resolved to a type
	HashTableImpl cannot be resolved to a type
	HashTableImpl cannot be resolved to a type
	HashTableImpl cannot be resolved to a type
	HashTableImpl cannot be resolved to a type
	HashTableImpl cannot be resolved to a type
	HashTableImpl cannot be resolved to a type
	HashTableImpl cannot be resolved to a type
	HashTableImpl cannot be resolved to a type
	HashTableImpl cannot be resolved to a type
	HashTableImpl cannot be resolved to a type
	HashTableImpl cannot be resolved to a type
	HashTableImpl cannot be resolved to a type
	HashTableImpl cannot be resolved to a type
	HashTableImpl cannot be resolved to a type

	at edu.yu.cs.com1320.project.stage5.impl.DocumentStoreAPITest.constructorExists(DocumentStoreAPITest.java:104)

