<?xml version="1.0" encoding="UTF-8"?>
<testsuite xmlns:xsi="http://www.w3.org/2001/XMLSchema-instance" xsi:noNamespaceSchemaLocation="https://maven.apache.org/surefire/maven-surefire-plugin/xsd/surefire-test-report-3.0.xsd" version="3.0" name="edu.yu.cs.com1320.project.stage5.impl.DocumentPersistenceManagerTest" time="0.021" tests="3" errors="3" skipped="0" failures="0">
  <properties>
[...]
</properties>
  <testcase name="stage5TestSerializationPath" classname="edu.yu.cs.com1320.project.stage5.impl.DocumentPersistenceManagerTest" time="0.008">
    <error type="java.lang.Error"><![CDATA[java.lang.Error: 
Unresolved compilation problems: 
	Gson cannot be resolved to a type
	GsonBuilder cannot be resolved to a type
	FileNotFoundException cannot be resolved to a type

	at edu.yu.cs.com1320.project.stage5.impl.DocumentPersistenceManagerTest.stage5TestSerializationPath(DocumentPersistenceManagerTest.java:57)
]]></error>
  </testcase>
  <testcase name="stage5TestSerializationContent" classname="edu.yu.cs.com1320.project.stage5.impl.DocumentPersistenceManagerTest" time="0.004">
    <error type="java.lang.Error"><![CDATA[java.lang.Error: 
Unresolved compilation problems: 
	Gson cannot be resolved to a type
	GsonBuilder cannot be resolved to a type
	FileNotFoundException cannot be resolved to a type

	at edu.yu.cs.com1320.project.stage5.impl.DocumentPersistenceManagerTest.stage5TestSerializationContent(DocumentPersistenceManagerTest.java:68)
]]></error>
  </testcase>
  <testcase name="stage5TestDeserialization" classname="edu.yu.cs.com1320.project.stage5.impl.DocumentPersistenceManagerTest" time="0.007">
    <error type="java.lang.Error"><![CDATA[java.lang.Error: 
Unresolved compilation problems: 
	Gson cannot be resolved to a type
	GsonBuilder cannot be resolved to a type
	FileNotFoundException cannot be resolved to a type

	at edu.yu.cs.com1320.project.stage5.impl.DocumentPersistenceManagerTest.stage5TestDeserialization(DocumentPersistenceManagerTest.java:85)
]]></error>
  </testcase>
</testsuite>